mktextfm Oswald-BoldItalic
mktextfm Oswald-BoldItalic
mktextfm Oswald-BoldItalic
mktextfm Oswald-BoldItalic/BI
mktextfm Oswald-BoldItalic
mktextfm Oswald-BoldItalic/B
mktextfm Oswald-BoldItalic
mktextfm Oswald-BoldItalic/I
mktextfm Oswald-BoldItalic
mktextfm Oswald-BoldItalic
mktextfm Vollkorn
mktextfm Vollkorn
mktextfm Vollkorn
mktextfm Vollkorn/BI
mktextfm Vollkorn
mktextfm Vollkorn/B
mktextfm Vollkorn
mktextfm Vollkorn/I
mktextfm Vollkorn
mktextfm Vollkorn
mktextfm Oswald-BoldItalic
mktextfm Oswald-BoldItalic
mktextfm Oswald-BoldItalic
mktextfm Oswald-BoldItalic
mktextfm Oswald-BoldItalic
mktextfm Oswald-BoldItalic/BI
mktextfm Oswald-BoldItalic
mktextfm Oswald-BoldItalic/B
mktextfm Oswald-BoldItalic
mktextfm Oswald-BoldItalic/I
mktextfm Oswald-BoldItalic
mktextfm Oswald-BoldItalic
mktextfm Vollkorn
mktextfm Vollkorn
mktextfm Vollkorn
mktextfm Vollkorn/BI
mktextfm Vollkorn
mktextfm Vollkorn/B
mktextfm Vollkorn
mktextfm Vollkorn/I
mktextfm Vollkorn
mktextfm Vollkorn
mktextfm Oswald-BoldItalic
mktextfm Oswald-BoldItalic
